Start testing: Sep 23 19:30 CEST
----------------------------------------------------------
1/1 Testing: UnitShellTests
1/1 Test: UnitShellTests
Command: "/home/piggygenius/Studies/Ensimag/2A/SEPC/1-Project/tp_shell/tests/allShellTests.rb"
Directory: /home/piggygenius/Studies/Ensimag/2A/SEPC/1-Project/tp_shell/build
"UnitShellTests" start time: Sep 23 19:30 CEST
Output:
----------------------------------------------------------
Run options: --seed 13299

# Running:

F..FFFFFFF

Finished in 8.340744s, 1.1989 runs/s, 1.1989 assertions/s.

  1) Failure:
Test3Jobs#test_inout [/home/piggygenius/Studies/Ensimag/2A/SEPC/1-Project/tp_shell/tests/testJobs.rb:25]:
le ls n'a pas afficher la taille du fichier.
Expected nil to not be nil.


  2) Failure:
Test2InOut#test_pipe [/home/piggygenius/Studies/Ensimag/2A/SEPC/1-Project/tp_shell/tests/testInOut.rb:42]:
sortie incohérente pour ls | wc -l.
Expected nil to not be nil.


  3) Failure:
Test2InOut#test_parallelisme [/home/piggygenius/Studies/Ensimag/2A/SEPC/1-Project/tp_shell/tests/testInOut.rb:63]:
le | ne semble pas parallèle.
Expected nil to not be nil.


  4) Failure:
Test2InOut#test_inout [/home/piggygenius/Studies/Ensimag/2A/SEPC/1-Project/tp_shell/tests/testInOut.rb:27]:
sortie incohérente pour ls -l.
Expected nil to not be nil.


  5) Failure:
Test2InOut#test_inoutpipe [/home/piggygenius/Studies/Ensimag/2A/SEPC/1-Project/tp_shell/tests/testInOut.rb:50]:
cat titiExpect.txt titiExpect.txt n'a pas rendu deux fois le même entier à la suite.
Expected nil to not be nil.


  6) Failure:
Test1ForkExec#test_printf [/home/piggygenius/Studies/Ensimag/2A/SEPC/1-Project/tp_shell/tests/testForkExec.rb:44]:
Sortie incohérente pour 'seq 0 3'.
Expected nil to not be nil.


  7) Failure:
Test1ForkExec#test_all [/home/piggygenius/Studies/Ensimag/2A/SEPC/1-Project/tp_shell/tests/testForkExec.rb:38]:
Sortie incohérente pour 'seq 0 3'.
Expected nil to not be nil.


  8) Failure:
Test1ForkExec#test_seq [/home/piggygenius/Studies/Ensimag/2A/SEPC/1-Project/tp_shell/tests/testForkExec.rb:38]:
Sortie incohérente pour 'seq 0 3'.
Expected nil to not be nil.

10 runs, 10 assertions, 8 failures, 0 errors, 0 skips
<end of output>
Test time =   8.44 sec
----------------------------------------------------------
Test Failed.
"UnitShellTests" end time: Sep 23 19:30 CEST
"UnitShellTests" time elapsed: 00:00:08
----------------------------------------------------------

End testing: Sep 23 19:30 CEST
